<?xml version="1.0" encoding="utf-8" standalone="no"?>
<!--This file represents the results of running a test suite-->
<test-results name="C:\Users\KallDrexx\Documents\Visual Studio 2010\Projects\Lucidity\Lucidity.Tests\Lucidity.nunit" total="2" errors="0" failures="0" not-run="0" inconclusive="0" ignored="0" skipped="0" invalid="0" date="2011-09-17" time="00:44:50">
  <environment nunit-version="2.5.10.11092" clr-version="2.0.50727.5446" os-version="Microsoft Windows NT 6.1.7601 Service Pack 1" platform="Win32NT" cwd="C:\Program Files (x86)\NUnit 2.5.10\bin\net-2.0" machine-name="MATTTOP" user="KallDrexx" user-domain="MattTop" />
  <culture-info current-culture="en-US" current-uiculture="en-US" />
  <test-suite type="Project" name="C:\Users\KallDrexx\Documents\Visual Studio 2010\Projects\Lucidity\Lucidity.Tests\Lucidity.nunit" executed="True" result="Success" success="True" time="0.125" asserts="0">
    <results>
      <test-suite type="Assembly" name="C:\Users\KallDrexx\Documents\Visual Studio 2010\Projects\Lucidity\Lucidity.Tests\bin\Debug\Lucidity.Tests.dll" executed="True" result="Success" success="True" time="0.125" asserts="0">
        <results>
          <test-suite type="Namespace" name="Lucidity" executed="True" result="Success" success="True" time="0.122" asserts="0">
            <results>
              <test-suite type="Namespace" name="Tests" executed="True" result="Success" success="True" time="0.121" asserts="0">
                <results>
                  <test-suite type="Namespace" name="Parsers" executed="True" result="Success" success="True" time="0.120" asserts="0">
                    <results>
                      <test-suite type="TestFixture" name="PipeDelimiteLogParserTests" executed="True" result="Success" success="True" time="0.118" asserts="0">
                        <categories>
                          <category name="Parsers" />
                        </categories>
                        <results>
                          <test-case name="Lucidity.Tests.Parsers.PipeDelimiteLogParserTests.Can_Parse_Pipe_Delimited_Logs" executed="True" result="Success" success="True" time="0.105" asserts="12" />
                          <test-case name="Lucidity.Tests.Parsers.PipeDelimiteLogParserTests.Throws_LogSourceNotAvailableException_When_File_Doesnt_Exist" executed="True" result="Success" success="True" time="0.001" asserts="0" />
                        </results>
                      </test-suite>
                    </results>
                  </test-suite>
                </results>
              </test-suite>
            </results>
          </test-suite>
        </results>
      </test-suite>
    </results>
  </test-suite>
</test-results>