<?xml version="1.0" encoding="UTF-8"?>
<TestRun id="f0d14f0e-51e0-48a3-b37b-2f9dce352bb4" name="KallDrexx@MATTTOP 2011-09-17 00:23:21" runUser="MattTop\KallDrexx" xmlns="http://microsoft.com/schemas/VisualStudio/TeamTest/2010">
  <TestSettings name="Local" id="3107a577-a5d2-4543-915c-364ce7503d89">
    <Description>These are default test settings for a local test run.</Description>
    <Deployment enabled="false" runDeploymentRoot="KallDrexx_MATTTOP 2011-09-17 00_23_21">
      <DeploymentItem filename="C:\Users\KallDrexx\Documents\Visual Studio 2010\Projects\Lucidity\Lucidity.Engine\bin\Debug\Lucidity.Engine.dll" />
    </Deployment>
    <Execution>
      <TestTypeSpecific />
      <AgentRule name="Execution Agents">
      </AgentRule>
    </Execution>
  </TestSettings>
  <Times creation="2011-09-17T00:23:21.0322592-04:00" queuing="2011-09-17T00:23:27.5856340-04:00" start="2011-09-17T00:23:27.9616555-04:00" finish="2011-09-17T00:23:28.8127042-04:00" />
  <ResultSummary outcome="Failed">
    <Counters total="1" executed="1" error="0" failed="1" timeout="0" aborted="0" inconclusive="0" passedButRunAborted="0" notRunnable="0" notExecuted="0" disconnected="0" warning="0" passed="0" completed="0" inProgress="0" pending="0" />
  </ResultSummary>
  <TestDefinitions>
    <UnitTest name="Can_Parse_Pipe_Delimited_Logs" storage="c:\users\kalldrexx\documents\visual studio 2010\projects\lucidity\lucidity.tests\bin\debug\lucidity.tests.dll" id="bffa03f9-1a99-343e-35ad-360d13893e48">
      <Execution id="5130611f-9439-45e3-a339-e1b3da0cd509" />
      <TestMethod codeBase="C:/Users/KallDrexx/Documents/Visual Studio 2010/Projects/Lucidity/Lucidity.Tests/bin/Debug/Lucidity.Tests.DLL" adapterTypeName="Microsoft.VisualStudio.TestTools.TestTypes.Unit.UnitTestAdapter, Microsoft.VisualStudio.QualityTools.Tips.UnitTest.Adapter, Version=10.0.0.0, Culture=neutral, PublicKeyToken=b03f5f7f11d50a3a" className="Lucidity.Tests.Parsers.PipeDelimitedLogParserTests, Lucidity.Tests, Version=1.0.0.0, Culture=neutral, PublicKeyToken=null" name="Can_Parse_Pipe_Delimited_Logs" />
    </UnitTest>
  </TestDefinitions>
  <TestLists>
    <TestList name="Results Not in a List" id="8c84fa94-04c1-424b-9868-57a2d4851a1d" />
    <TestList name="All Loaded Results" id="19431567-8539-422a-85d7-44ee4e166bda" />
  </TestLists>
  <TestEntries>
    <TestEntry testId="bffa03f9-1a99-343e-35ad-360d13893e48" executionId="5130611f-9439-45e3-a339-e1b3da0cd509" testListId="8c84fa94-04c1-424b-9868-57a2d4851a1d" />
  </TestEntries>
  <Results>
    <UnitTestResult executionId="5130611f-9439-45e3-a339-e1b3da0cd509" testId="bffa03f9-1a99-343e-35ad-360d13893e48" testName="Can_Parse_Pipe_Delimited_Logs" computerName="MATTTOP" duration="00:00:00.2702861" startTime="2011-09-17T00:23:28.0646614-04:00" endTime="2011-09-17T00:23:28.7056981-04:00" testType="13cdc9d9-ddb5-4fa4-a97d-d965ccfc6d4b" outcome="Failed" testListId="8c84fa94-04c1-424b-9868-57a2d4851a1d" relativeResultsDirectory="5130611f-9439-45e3-a339-e1b3da0cd509">
      <Output>
        <ErrorInfo>
          <Message>Test method Lucidity.Tests.Parsers.PipeDelimitedLogParserTests.Can_Parse_Pipe_Delimited_Logs threw exception: 
System.IO.DirectoryNotFoundException: Could not find a part of the path 'C:\Users\KallDrexx\Documents\Visual Studio 2010\Projects\Lucidity\TestResults\KallDrexx_MATTTOP 2011-09-17 00_23_21\Out\TestData\PipeLogTest.txt'.</Message>
          <StackTrace>    at System.IO.__Error.WinIOError(Int32 errorCode, String maybeFullPath)
   at System.IO.FileStream.Init(String path, FileMode mode, FileAccess access, Int32 rights, Boolean useRights, FileShare share, Int32 bufferSize, FileOptions options, SECURITY_ATTRIBUTES secAttrs, String msgPath, Boolean bFromProxy, Boolean useLongPath)
   at System.IO.FileStream..ctor(String path, FileMode mode, FileAccess access, FileShare share, Int32 bufferSize, FileOptions options)
   at System.IO.StreamReader..ctor(String path, Encoding encoding, Boolean detectEncodingFromByteOrderMarks, Int32 bufferSize)
   at System.IO.StreamReader..ctor(String path)
   at System.IO.File.OpenText(String path)
   at Lucidity.Engine.Parsers.PipeDelimitedLogParser.ParseLog(String logSource) in C:\Users\KallDrexx\Documents\Visual Studio 2010\Projects\Lucidity\Lucidity.Engine\Parsers\PipeDelimitedLogParser.cs:line 26
   at Lucidity.Tests.Parsers.PipeDelimitedLogParserTests.Can_Parse_Pipe_Delimited_Logs() in C:\Users\KallDrexx\Documents\Visual Studio 2010\Projects\Lucidity\Lucidity.Tests\Parsers\PipeDelimitedLogParserTests.cs:line 21
</StackTrace>
        </ErrorInfo>
      </Output>
    </UnitTestResult>
  </Results>
</TestRun>